Command line:
   TbUnion_isim_beh.exe
     -simmode  gui
     -simrunnum  0
     -socket  64107

Mon Oct 31 12:41:44 2016


 Elaboration Time: 0.140625 sec

 Current Memory Usage: 1795.43 Meg

 Total Signals          : 83
 Total Nets             : 4481
 Total Signal Drivers   : 21
 Total Blocks           : 19
 Total Primitive Blocks : 17
 Total Processes        : 16
 Total Traceable Variables  : 16
 Total Scalar Nets and Variables : 4983
Total Line Count : 141
Total Line Count : 141

 Total Simulation Time: 0.609375 sec

 Current Memory Usage: 1481.12 Meg

Mon Oct 31 12:44:41 2016

